a11y/build/intermediates/manifest_merge_blame_file/debug/processDebugMainManifest/manifest-merger-blame-debug-report.txt
1<?xml version="1.0" encoding="utf-8"?>
2<manifest xmlns:android="http://schemas.android.com/apk/res/android"
3    package="com.fixedwidth.glassa11y"
4    android:versionCode="1"
5    android:versionName="0.1.0" >
6
7    <uses-sdk
8        android:minSdkVersion="24"
9        android:targetSdkVersion="34" />
10
11    <application
11-->src/main/AndroidManifest.xml:3:5-18:19
12        android:allowBackup="false"
12-->src/main/AndroidManifest.xml:4:9-36
13        android:debuggable="true"
14        android:extractNativeLibs="false"
15        android:label="@string/app_name" >
15-->src/main/AndroidManifest.xml:5:9-41
16        <service
16-->src/main/AndroidManifest.xml:6:9-17:19
17            android:name="com.fixedwidth.glassa11y.GlassA11yService"
17-->src/main/AndroidManifest.xml:7:13-45
18            android:exported="true"
18-->src/main/AndroidManifest.xml:8:13-36
19            android:label="@string/a11y_service_label"
19-->src/main/AndroidManifest.xml:9:13-55
20            android:permission="android.permission.BIND_ACCESSIBILITY_SERVICE" >
20-->src/main/AndroidManifest.xml:10:13-79
21            <intent-filter>
21-->src/main/AndroidManifest.xml:11:13-13:29
22                <action android:name="android.accessibilityservice.AccessibilityService" />
22-->src/main/AndroidManifest.xml:12:17-92
22-->src/main/AndroidManifest.xml:12:25-89
23            </intent-filter>
24
25            <meta-data
25-->src/main/AndroidManifest.xml:14:13-16:63
26                android:name="android.accessibilityservice"
26-->src/main/AndroidManifest.xml:15:17-60
27                android:resource="@xml/a11y_service_config" />
27-->src/main/AndroidManifest.xml:16:17-60
28        </service>
29    </application>
30
31</manifest>